Photo_Demo/build/outputs/logs/manifest-merger-debug-report.txt
-- Merging decision tree log ---
manifest
ADDED from CameraManagerH/Photo_Demo/AndroidManifest.xml:2:1-104:12
	package
		ADDED from CameraManagerH/Photo_Demo/AndroidManifest.xml:3:5-36
	android:versionName
		ADDED from CameraManagerH/Photo_Demo/AndroidManifest.xml:5:5-30
		INJECTED from CameraManagerH/Photo_Demo/AndroidManifest.xml
		INJECTED from CameraManagerH/Photo_Demo/AndroidManifest.xml
	android:versionCode
		ADDED from CameraManagerH/Photo_Demo/AndroidManifest.xml:4:5-28
		INJECTED from CameraManagerH/Photo_Demo/AndroidManifest.xml
		INJECTED from CameraManagerH/Photo_Demo/AndroidManifest.xml
	xmlns:android
		ADDED from CameraManagerH/Photo_Demo/AndroidManifest.xml:2:11-69
uses-sdk
ADDED from CameraManagerH/Photo_Demo/AndroidManifest.xml:7:5-9:41
MERGED from [CameraManagerH:Photo_Library:unspecified] AndroidManifest.xml:7:5-9:41
	android:targetSdkVersion
		ADDED from CameraManagerH/Photo_Demo/AndroidManifest.xml:9:9-38
	android:minSdkVersion
		ADDED from CameraManagerH/Photo_Demo/AndroidManifest.xml:8:9-35
application
ADDED from CameraManagerH/Photo_Demo/AndroidManifest.xml:11:5-89:19
MERGED from [CameraManagerH:Photo_Library:unspecified] AndroidManifest.xml:11:5-20
	android:screenOrientation
		ADDED from CameraManagerH/Photo_Demo/AndroidManifest.xml:15:9-45
	android:label
		ADDED from CameraManagerH/Photo_Demo/AndroidManifest.xml:14:9-41
	android:allowBackup
		ADDED from CameraManagerH/Photo_Demo/AndroidManifest.xml:12:9-35
	android:icon
		ADDED from CameraManagerH/Photo_Demo/AndroidManifest.xml:13:9-45
	android:theme
		ADDED from CameraManagerH/Photo_Demo/AndroidManifest.xml:16:9-56
activity#com.hebin.picturetest.MainActivity
ADDED from CameraManagerH/Photo_Demo/AndroidManifest.xml:17:9-25:20
	android:label
		ADDED from CameraManagerH/Photo_Demo/AndroidManifest.xml:19:13-45
	android:name
		ADDED from CameraManagerH/Photo_Demo/AndroidManifest.xml:18:13-62
intent-filter#android.intent.action.MAIN+android.intent.category.LAUNCHER
ADDED from CameraManagerH/Photo_Demo/AndroidManifest.xml:20:13-24:29
action#android.intent.action.MAIN
ADDED from CameraManagerH/Photo_Demo/AndroidManifest.xml:21:17-69
	android:name
		ADDED from CameraManagerH/Photo_Demo/AndroidManifest.xml:21:25-66
category#android.intent.category.LAUNCHER
ADDED from CameraManagerH/Photo_Demo/AndroidManifest.xml:23:17-77
	android:name
		ADDED from CameraManagerH/Photo_Demo/AndroidManifest.xml:23:27-74
activity#com.hebin.picturetest.MainActivity1
ADDED from CameraManagerH/Photo_Demo/AndroidManifest.xml:26:9-30:20
	android:screenOrientation
		ADDED from CameraManagerH/Photo_Demo/AndroidManifest.xml:27:19-55
	android:name
		ADDED from CameraManagerH/Photo_Demo/AndroidManifest.xml:26:19-69
activity#com.hebin.picturetest.PhotoFrameActivity
ADDED from CameraManagerH/Photo_Demo/AndroidManifest.xml:31:9-34:75
	android:screenOrientation
		ADDED from CameraManagerH/Photo_Demo/AndroidManifest.xml:33:13-49
	android:theme
		ADDED from CameraManagerH/Photo_Demo/AndroidManifest.xml:34:13-72
	android:name
		ADDED from CameraManagerH/Photo_Demo/AndroidManifest.xml:32:13-68
activity#com.hebin.picturetest.DrawBaseActivity
ADDED from CameraManagerH/Photo_Demo/AndroidManifest.xml:35:9-37:52
	android:screenOrientation
		ADDED from CameraManagerH/Photo_Demo/AndroidManifest.xml:37:13-49
	android:name
		ADDED from CameraManagerH/Photo_Demo/AndroidManifest.xml:36:13-66
activity#com.hebin.picturetest.MosaicActivity
ADDED from CameraManagerH/Photo_Demo/AndroidManifest.xml:38:9-40:52
	android:screenOrientation
		ADDED from CameraManagerH/Photo_Demo/AndroidManifest.xml:40:13-49
	android:name
		ADDED from CameraManagerH/Photo_Demo/AndroidManifest.xml:39:13-64
activity#com.hebin.picturetest.ImageFilterActivity
ADDED from CameraManagerH/Photo_Demo/AndroidManifest.xml:41:9-43:52
	android:screenOrientation
		ADDED from CameraManagerH/Photo_Demo/AndroidManifest.xml:43:13-49
	android:name
		ADDED from CameraManagerH/Photo_Demo/AndroidManifest.xml:42:13-69
activity#com.hebin.picturetest.ImageCropActivity
ADDED from CameraManagerH/Photo_Demo/AndroidManifest.xml:44:9-46:52
	android:screenOrientation
		ADDED from CameraManagerH/Photo_Demo/AndroidManifest.xml:46:13-49
	android:name
		ADDED from CameraManagerH/Photo_Demo/AndroidManifest.xml:45:13-67
activity#com.hebin.picturetest.WarpActivity
ADDED from CameraManagerH/Photo_Demo/AndroidManifest.xml:47:9-49:52
	android:screenOrientation
		ADDED from CameraManagerH/Photo_Demo/AndroidManifest.xml:49:13-49
	android:name
		ADDED from CameraManagerH/Photo_Demo/AndroidManifest.xml:48:13-62
activity#com.hebin.picturetest.EnhanceActivity
ADDED from CameraManagerH/Photo_Demo/AndroidManifest.xml:50:9-52:52
	android:screenOrientation
		ADDED from CameraManagerH/Photo_Demo/AndroidManifest.xml:52:13-49
	android:name
		ADDED from CameraManagerH/Photo_Demo/AndroidManifest.xml:51:13-65
activity#com.hebin.picturetest.AddWatermarkActivity
ADDED from CameraManagerH/Photo_Demo/AndroidManifest.xml:53:9-55:52
	android:screenOrientation
		ADDED from CameraManagerH/Photo_Demo/AndroidManifest.xml:55:13-49
	android:name
		ADDED from CameraManagerH/Photo_Demo/AndroidManifest.xml:54:13-70
activity#com.hebin.picturetest.AddTextActivity
ADDED from CameraManagerH/Photo_Demo/AndroidManifest.xml:56:9-58:52
	android:screenOrientation
		ADDED from CameraManagerH/Photo_Demo/AndroidManifest.xml:58:13-49
	android:name
		ADDED from CameraManagerH/Photo_Demo/AndroidManifest.xml:57:13-65
activity#com.hebin.picturetest.PreviewActivity
ADDED from CameraManagerH/Photo_Demo/AndroidManifest.xml:59:9-61:52
	android:screenOrientation
		ADDED from CameraManagerH/Photo_Demo/AndroidManifest.xml:61:13-49
	android:name
		ADDED from CameraManagerH/Photo_Demo/AndroidManifest.xml:60:13-65
activity#com.hebin.picturetest.RevolveActivity
ADDED from CameraManagerH/Photo_Demo/AndroidManifest.xml:62:9-64:52
	android:screenOrientation
		ADDED from CameraManagerH/Photo_Demo/AndroidManifest.xml:64:13-49
	android:name
		ADDED from CameraManagerH/Photo_Demo/AndroidManifest.xml:63:13-65
activity#com.hebin.temptest.ImgeditActivity
ADDED from CameraManagerH/Photo_Demo/AndroidManifest.xml:68:9-70:52
	android:screenOrientation
		ADDED from CameraManagerH/Photo_Demo/AndroidManifest.xml:70:13-49
	android:name
		ADDED from CameraManagerH/Photo_Demo/AndroidManifest.xml:69:13-62
activity#com.hebin.temptest.PhotoRotate
ADDED from CameraManagerH/Photo_Demo/AndroidManifest.xml:71:9-73:52
	android:screenOrientation
		ADDED from CameraManagerH/Photo_Demo/AndroidManifest.xml:73:13-49
	android:name
		ADDED from CameraManagerH/Photo_Demo/AndroidManifest.xml:72:13-58
activity#com.hebin.temptest.FrameFilterActivity
ADDED from CameraManagerH/Photo_Demo/AndroidManifest.xml:74:9-76:52
	android:screenOrientation
		ADDED from CameraManagerH/Photo_Demo/AndroidManifest.xml:76:13-49
	android:name
		ADDED from CameraManagerH/Photo_Demo/AndroidManifest.xml:75:13-66
activity#com.hebin.pagebrowse.PageBrowseActivity
ADDED from CameraManagerH/Photo_Demo/AndroidManifest.xml:78:9-80:21
	android:screenOrientation
		ADDED from CameraManagerH/Photo_Demo/AndroidManifest.xml:79:19-55
	android:name
		ADDED from CameraManagerH/Photo_Demo/AndroidManifest.xml:78:19-73
activity#com.hebin.scale.ScaleActivity
ADDED from CameraManagerH/Photo_Demo/AndroidManifest.xml:81:9-84:20
	android:screenOrientation
		ADDED from CameraManagerH/Photo_Demo/AndroidManifest.xml:82:19-55
	android:name
		ADDED from CameraManagerH/Photo_Demo/AndroidManifest.xml:81:19-63
activity#com.hebin.scale.GestureZoom
ADDED from CameraManagerH/Photo_Demo/AndroidManifest.xml:85:9-88:20
	android:screenOrientation
		ADDED from CameraManagerH/Photo_Demo/AndroidManifest.xml:86:19-55
	android:name
		ADDED from CameraManagerH/Photo_Demo/AndroidManifest.xml:85:19-61
uses-feature#android.hardware.camera
ADDED from CameraManagerH/Photo_Demo/AndroidManifest.xml:91:5-60
	android:name
		ADDED from CameraManagerH/Photo_Demo/AndroidManifest.xml:91:19-57
uses-feature#android.hardware.camera.autofocus
ADDED from CameraManagerH/Photo_Demo/AndroidManifest.xml:92:5-70
	android:name
		ADDED from CameraManagerH/Photo_Demo/AndroidManifest.xml:92:19-67
uses-permission#android.permission.CAMERA
ADDED from CameraManagerH/Photo_Demo/AndroidManifest.xml:94:5-65
	android:name
		ADDED from CameraManagerH/Photo_Demo/AndroidManifest.xml:94:22-62
uses-permission#android.permission.READ_CALENDAR
ADDED from CameraManagerH/Photo_Demo/AndroidManifest.xml:95:5-72
	android:name
		ADDED from CameraManagerH/Photo_Demo/AndroidManifest.xml:95:22-69
uses-permission#android.permission.WRITE_EXTERNAL_STORAGE
ADDED from CameraManagerH/Photo_Demo/AndroidManifest.xml:98:5-99:23
	android:name
		ADDED from CameraManagerH/Photo_Demo/AndroidManifest.xml:98:22-78
uses-permission#android.permission.MOUNT_UNMOUNT_FILESYSTEMS
ADDED from CameraManagerH/Photo_Demo/AndroidManifest.xml:101:5-102:23
	android:name
		ADDED from CameraManagerH/Photo_Demo/AndroidManifest.xml:101:22-81